  Sprite.cpp
c:\users\usuario\desktop\proyectos\engine\ventana4\ventana4\graphics.h(34): warning C4251: 'Graphics::vertexBufferShape': class 'VertexBufferManager<CUSTOMVERTEX,66>' needs to have dll-interface to be used by clients of class 'Graphics'
  c:\users\usuario\desktop\proyectos\engine\ventana4\ventana4\graphics.h(34): note: see declaration of 'VertexBufferManager<CUSTOMVERTEX,66>'
c:\users\usuario\desktop\proyectos\engine\ventana4\ventana4\graphics.h(35): warning C4251: 'Graphics::vertexBufferSprite': class 'VertexBufferManager<CUSTOMVERTEXTEXTURE,258>' needs to have dll-interface to be used by clients of class 'Graphics'
  c:\users\usuario\desktop\proyectos\engine\ventana4\ventana4\graphics.h(35): note: see declaration of 'VertexBufferManager<CUSTOMVERTEXTEXTURE,258>'
c:\users\usuario\desktop\proyectos\engine\ventana4\ventana4\texturemanager.h(11): warning C4251: 'TextureManager::listaTexturas': class 'std::list<Texture *,std::allocator<_Ty>>' needs to have dll-interface to be used by clients of class 'TextureManager'
          with
          [
              _Ty=Texture *
          ]
  c:\users\usuario\desktop\proyectos\engine\ventana4\ventana4\texturemanager.h(11): note: see declaration of 'std::list<Texture *,std::allocator<_Ty>>'
          with
          [
              _Ty=Texture *
          ]
c:\users\usuario\desktop\proyectos\engine\ventana4\ventana4\texturemanager.h(12): warning C4251: 'TextureManager::iterBegin': class 'std::_List_iterator<std::_List_val<std::_List_simple_types<Texture *>>>' needs to have dll-interface to be used by clients of class 'TextureManager'
  c:\program files (x86)\microsoft visual studio\2017\community\vc\tools\msvc\14.10.25017\include\list(571): note: see declaration of 'std::_List_iterator<std::_List_val<std::_List_simple_types<Texture *>>>'
c:\users\usuario\desktop\proyectos\engine\ventana4\ventana4\texturemanager.h(13): warning C4251: 'TextureManager::iterEnd': class 'std::_List_iterator<std::_List_val<std::_List_simple_types<Texture *>>>' needs to have dll-interface to be used by clients of class 'TextureManager'
  c:\program files (x86)\microsoft visual studio\2017\community\vc\tools\msvc\14.10.25017\include\list(571): note: see declaration of 'std::_List_iterator<std::_List_val<std::_List_simple_types<Texture *>>>'
c:\users\usuario\desktop\proyectos\engine\ventana4\ventana4\texturemanager.h(14): warning C4251: 'TextureManager::iter': class 'std::_List_iterator<std::_List_val<std::_List_simple_types<Texture *>>>' needs to have dll-interface to be used by clients of class 'TextureManager'
  c:\program files (x86)\microsoft visual studio\2017\community\vc\tools\msvc\14.10.25017\include\list(571): note: see declaration of 'std::_List_iterator<std::_List_val<std::_List_simple_types<Texture *>>>'
  Ventana4.vcxproj -> C:\Users\Usuario\Desktop\Proyectos\Engine\Ventana4\x64\Debug\Ventana4.dll
  Ventana4.vcxproj -> C:\Users\Usuario\Desktop\Proyectos\Engine\Ventana4\x64\Debug\Ventana4.pdb (Partial PDB)
