  PlayState.cpp
c:\users\usuario\desktop\proyectos\engine\ventana4\ventana4\ventana.h(10): warning C4251: 'Ventana::className': class 'std::basic_string<wchar_t,std::char_traits<wchar_t>,std::allocator<wchar_t>>' needs to have dll-interface to be used by clients of class 'Ventana'
  c:\program files (x86)\microsoft visual studio\2017\community\vc\tools\msvc\14.10.25017\include\xstring(3999): note: see declaration of 'std::basic_string<wchar_t,std::char_traits<wchar_t>,std::allocator<wchar_t>>'
c:\users\usuario\desktop\proyectos\engine\ventana4\ventana4\graphics.h(34): warning C4251: 'Graphics::vertexBufferShape': class 'VertexBufferManager<CUSTOMVERTEX,66>' needs to have dll-interface to be used by clients of class 'Graphics'
  c:\users\usuario\desktop\proyectos\engine\ventana4\ventana4\graphics.h(34): note: see declaration of 'VertexBufferManager<CUSTOMVERTEX,66>'
c:\users\usuario\desktop\proyectos\engine\ventana4\ventana4\graphics.h(35): warning C4251: 'Graphics::vertexBufferSprite': class 'VertexBufferManager<CUSTOMVERTEXTEXTURE,258>' needs to have dll-interface to be used by clients of class 'Graphics'
  c:\users\usuario\desktop\proyectos\engine\ventana4\ventana4\graphics.h(35): note: see declaration of 'VertexBufferManager<CUSTOMVERTEXTEXTURE,258>'
c:\users\usuario\desktop\proyectos\engine\ventana4\ventana4\texturemanager.h(11): warning C4251: 'TextureManager::listaTexturas': class 'std::list<Texture *,std::allocator<_Ty>>' needs to have dll-interface to be used by clients of class 'TextureManager'
          with
          [
              _Ty=Texture *
          ]
  c:\users\usuario\desktop\proyectos\engine\ventana4\ventana4\texturemanager.h(11): note: see declaration of 'std::list<Texture *,std::allocator<_Ty>>'
          with
          [
              _Ty=Texture *
          ]
c:\users\usuario\desktop\proyectos\engine\ventana4\ventana4\texturemanager.h(12): warning C4251: 'TextureManager::iterBegin': class 'std::_List_iterator<std::_List_val<std::_List_simple_types<Texture *>>>' needs to have dll-interface to be used by clients of class 'TextureManager'
  c:\program files (x86)\microsoft visual studio\2017\community\vc\tools\msvc\14.10.25017\include\list(571): note: see declaration of 'std::_List_iterator<std::_List_val<std::_List_simple_types<Texture *>>>'
c:\users\usuario\desktop\proyectos\engine\ventana4\ventana4\texturemanager.h(13): warning C4251: 'TextureManager::iterEnd': class 'std::_List_iterator<std::_List_val<std::_List_simple_types<Texture *>>>' needs to have dll-interface to be used by clients of class 'TextureManager'
  c:\program files (x86)\microsoft visual studio\2017\community\vc\tools\msvc\14.10.25017\include\list(571): note: see declaration of 'std::_List_iterator<std::_List_val<std::_List_simple_types<Texture *>>>'
c:\users\usuario\desktop\proyectos\engine\ventana4\ventana4\texturemanager.h(14): warning C4251: 'TextureManager::iter': class 'std::_List_iterator<std::_List_val<std::_List_simple_types<Texture *>>>' needs to have dll-interface to be used by clients of class 'TextureManager'
  c:\program files (x86)\microsoft visual studio\2017\community\vc\tools\msvc\14.10.25017\include\list(571): note: see declaration of 'std::_List_iterator<std::_List_val<std::_List_simple_types<Texture *>>>'
c:\users\usuario\desktop\proyectos\engine\ventana4\ventana4\collisionmanager.h(11): warning C4251: 'CollisionManager::group01': class 'std::list<Entity2D *,std::allocator<_Ty>>' needs to have dll-interface to be used by clients of class 'CollisionManager'
          with
          [
              _Ty=Entity2D *
          ]
  c:\users\usuario\desktop\proyectos\engine\ventana4\ventana4\collisionmanager.h(11): note: see declaration of 'std::list<Entity2D *,std::allocator<_Ty>>'
          with
          [
              _Ty=Entity2D *
          ]
c:\users\usuario\desktop\proyectos\engine\ventana4\ventana4\collisionmanager.h(12): warning C4251: 'CollisionManager::group02': class 'std::list<Entity2D *,std::allocator<_Ty>>' needs to have dll-interface to be used by clients of class 'CollisionManager'
          with
          [
              _Ty=Entity2D *
          ]
  c:\users\usuario\desktop\proyectos\engine\ventana4\ventana4\collisionmanager.h(11): note: see declaration of 'std::list<Entity2D *,std::allocator<_Ty>>'
          with
          [
              _Ty=Entity2D *
          ]
c:\users\usuario\desktop\proyectos\engine\ventana4\ventana4\collisionmanager.h(13): warning C4251: 'CollisionManager::iterBeginGroup01': class 'std::_List_iterator<std::_List_val<std::_List_simple_types<Entity2D *>>>' needs to have dll-interface to be used by clients of class 'CollisionManager'
  c:\program files (x86)\microsoft visual studio\2017\community\vc\tools\msvc\14.10.25017\include\list(571): note: see declaration of 'std::_List_iterator<std::_List_val<std::_List_simple_types<Entity2D *>>>'
c:\users\usuario\desktop\proyectos\engine\ventana4\ventana4\collisionmanager.h(14): warning C4251: 'CollisionManager::iterBeginGroup02': class 'std::_List_iterator<std::_List_val<std::_List_simple_types<Entity2D *>>>' needs to have dll-interface to be used by clients of class 'CollisionManager'
  c:\program files (x86)\microsoft visual studio\2017\community\vc\tools\msvc\14.10.25017\include\list(571): note: see declaration of 'std::_List_iterator<std::_List_val<std::_List_simple_types<Entity2D *>>>'
c:\users\usuario\desktop\proyectos\engine\ventana4\ventana4\collisionmanager.h(15): warning C4251: 'CollisionManager::iterEndGroup01': class 'std::_List_iterator<std::_List_val<std::_List_simple_types<Entity2D *>>>' needs to have dll-interface to be used by clients of class 'CollisionManager'
  c:\program files (x86)\microsoft visual studio\2017\community\vc\tools\msvc\14.10.25017\include\list(571): note: see declaration of 'std::_List_iterator<std::_List_val<std::_List_simple_types<Entity2D *>>>'
c:\users\usuario\desktop\proyectos\engine\ventana4\ventana4\collisionmanager.h(16): warning C4251: 'CollisionManager::iterEndGroup02': class 'std::_List_iterator<std::_List_val<std::_List_simple_types<Entity2D *>>>' needs to have dll-interface to be used by clients of class 'CollisionManager'
  c:\program files (x86)\microsoft visual studio\2017\community\vc\tools\msvc\14.10.25017\include\list(571): note: see declaration of 'std::_List_iterator<std::_List_val<std::_List_simple_types<Entity2D *>>>'
c:\users\usuario\desktop\proyectos\engine\ventana4\ventana4\collisionmanager.h(17): warning C4251: 'CollisionManager::iter01': class 'std::_List_iterator<std::_List_val<std::_List_simple_types<Entity2D *>>>' needs to have dll-interface to be used by clients of class 'CollisionManager'
  c:\program files (x86)\microsoft visual studio\2017\community\vc\tools\msvc\14.10.25017\include\list(571): note: see declaration of 'std::_List_iterator<std::_List_val<std::_List_simple_types<Entity2D *>>>'
c:\users\usuario\desktop\proyectos\engine\ventana4\ventana4\collisionmanager.h(18): warning C4251: 'CollisionManager::iter02': class 'std::_List_iterator<std::_List_val<std::_List_simple_types<Entity2D *>>>' needs to have dll-interface to be used by clients of class 'CollisionManager'
  c:\program files (x86)\microsoft visual studio\2017\community\vc\tools\msvc\14.10.25017\include\list(571): note: see declaration of 'std::_List_iterator<std::_List_val<std::_List_simple_types<Entity2D *>>>'
c:\users\usuario\desktop\proyectos\engine\ventana4\eljuego\playstate.cpp(32): warning C4244: 'argument': conversion from 'float' to 'int', possible loss of data
c:\users\usuario\desktop\proyectos\engine\ventana4\eljuego\playstate.cpp(34): warning C4244: 'argument': conversion from 'float' to 'int', possible loss of data
  Generating Code...
  Skipping... (no relevant changes detected)
  main.cpp
  Eljuego.vcxproj -> C:\Users\Usuario\Desktop\Proyectos\Engine\Ventana4\x64\Debug\Eljuego.exe
  Eljuego.vcxproj -> C:\Users\Usuario\Desktop\Proyectos\Engine\Ventana4\x64\Debug\Eljuego.pdb (Partial PDB)
